Build started 16/02/2012 12:12:41.
     1>Project "C:\Users\Fred\UTFGrid-Net\uftgrid\cpp\cpp.vcxproj" on node 2 (rebuild target(s)).
     1>_PrepareForClean:
         Deleting file "Debug\renderer.lastbuildstate".
       InitializeBuildStatus:
         Creating "Debug\renderer.unsuccessfulbuild" because "AlwaysCreate" was specified.
       GenerateTargetFrameworkMonikerAttribute:
       Skipping target "GenerateTargetFrameworkMonikerAttribute" because all output files are up-to-date with respect to the input files.
       ClCompile:
         c:\Program Files (x86)\Microsoft Visual Studio 10.0\VC\bin\CL.exe /c /AI"C:\Program Files (x86)\Reference Assemblies\Microsoft\Framework\.NETFramework\v4.0" /Zi /clr /nologo /W3 /WX- /Od /Oy- /D WIN32 /D _DEBUG /D _WINDLL /D _UNICODE /D UNICODE /EHa /MDd /GS /fp:precise /Zc:wchar_t /Zc:forScope /Yc"StdAfx.h" /Fp"Debug\renderer.pch" /Fo"Debug\\" /Fd"Debug\vc100.pdb" /TP /FU"C:\Users\Fred\UTFGrid-Net\uftgrid\model\bin\Debug\model.dll" /FU"C:\Program Files (x86)\Reference Assemblies\Microsoft\Framework\.NETFramework\v4.0\System.Core.dll" /FU"C:\Program Files (x86)\Reference Assemblies\Microsoft\Framework\.NETFramework\v4.0\System.Data.dll" /FU"C:\Program Files (x86)\Reference Assemblies\Microsoft\Framework\.NETFramework\v4.0\System.dll" /FU"C:\Program Files (x86)\Reference Assemblies\Microsoft\Framework\.NETFramework\v4.0\System.Drawing.dll" /FU"C:\Program Files (x86)\Reference Assemblies\Microsoft\Framework\.NETFramework\v4.0\System.Xml.dll" /analyze- /errorReport:prompt Stdafx.cpp /clr:nostdlib 
         Stdafx.cpp
         c:\Program Files (x86)\Microsoft Visual Studio 10.0\VC\bin\CL.exe /c /AI"C:\Program Files (x86)\Reference Assemblies\Microsoft\Framework\.NETFramework\v4.0" /Zi /clr /nologo /W3 /WX- /Od /Oy- /D WIN32 /D _DEBUG /D _WINDLL /D _UNICODE /D UNICODE /EHa /MDd /GS /fp:precise /Zc:wchar_t /Zc:forScope /Yu"StdAfx.h" /Fp"Debug\renderer.pch" /Fo"Debug\\" /Fd"Debug\vc100.pdb" /TP /FU"C:\Users\Fred\UTFGrid-Net\uftgrid\model\bin\Debug\model.dll" /FU"C:\Program Files (x86)\Reference Assemblies\Microsoft\Framework\.NETFramework\v4.0\System.Core.dll" /FU"C:\Program Files (x86)\Reference Assemblies\Microsoft\Framework\.NETFramework\v4.0\System.Data.dll" /FU"C:\Program Files (x86)\Reference Assemblies\Microsoft\Framework\.NETFramework\v4.0\System.dll" /FU"C:\Program Files (x86)\Reference Assemblies\Microsoft\Framework\.NETFramework\v4.0\System.Drawing.dll" /FU"C:\Program Files (x86)\Reference Assemblies\Microsoft\Framework\.NETFramework\v4.0\System.Xml.dll" /analyze- /errorReport:prompt AssemblyInfo.cpp cpp.cpp renderer.cpp wrapper.cpp /clr:nostdlib 
         AssemblyInfo.cpp
         cpp.cpp
         renderer.cpp
     1>renderer.cpp(36): warning C4627: '#include <math.h>': skipped when looking for precompiled header use
                 Add directive to 'StdAfx.h' or rebuild precompiled header
     1>renderer.cpp(37): warning C4627: '#include "renderer.h"': skipped when looking for precompiled header use
                 Add directive to 'StdAfx.h' or rebuild precompiled header
         wrapper.cpp
         Generating Code...
         c:\Program Files (x86)\Microsoft Visual Studio 10.0\VC\bin\CL.exe /c /Zi /clr /nologo /W3 /WX- /Od /Oy- /D WIN32 /D _DEBUG /D _WINDLL /D _UNICODE /D UNICODE /EHa /MDd /GS /fp:precise /Zc:wchar_t /Zc:forScope /Fo"Debug\\" /Fd"Debug\vc100.pdb" /TP /analyze- /errorReport:prompt "C:\Users\Fred\AppData\Local\Temp\.NETFramework,Version=v4.0.AssemblyAttributes.cpp"
         .NETFramework,Version=v4.0.AssemblyAttributes.cpp
       ResourceCompile:
         C:\Program Files (x86)\Microsoft SDKs\Windows\v7.0A\bin\rc.exe /D _UNICODE /D UNICODE /l"0x0409" /nologo /fo"Debug\app.res" app.rc 
       Link:
         c:\Program Files (x86)\Microsoft Visual Studio 10.0\VC\bin\link.exe /ERRORREPORT:PROMPT /OUT:"C:\Users\Fred\UTFGrid-Net\uftgrid\Debug\renderer.dll" /INCREMENTAL /NOLOGO /MANIFEST /ManifestFile:"Debug\renderer.dll.intermediate.manifest" /MANIFESTUAC:"level='asInvoker' uiAccess='false'" /DEBUG /PDB:"C:\Users\Fred\UTFGrid-Net\uftgrid\Debug\renderer.pdb" /ASSEMBLYDEBUG /TLBID:1 /DYNAMICBASE /FIXED:NO /NXCOMPAT /MACHINE:X86 /DLL Debug\app.res
         Debug\AssemblyInfo.obj
         Debug\cpp.obj
         Debug\renderer.obj
         Debug\Stdafx.obj
         Debug\wrapper.obj
         "Debug\.NETFramework,Version=v4.0.AssemblyAttributes.obj"
         cpp.vcxproj -> C:\Users\Fred\UTFGrid-Net\uftgrid\Debug\renderer.dll
       MetaGen:
         To improve incremental build performance for managed components, please make sure that the 'VC++ Directories->Reference Directories' points to all the paths which contain the referenced managed assemblies.
         Could not load file or assembly 'model, Version=1.0.0.0, Culture=neutral, PublicKeyToken=null' or one of its dependencies. The system cannot find the file specified.
       Manifest:
         C:\Program Files (x86)\Microsoft SDKs\Windows\v7.0A\bin\mt.exe /nologo /verbose /outputresource:"C:\Users\Fred\UTFGrid-Net\uftgrid\Debug\renderer.dll;#2" /manifest Debug\renderer.dll.intermediate.manifest
       _CopyFilesMarkedCopyLocal:
         Copying file from "C:\Users\Fred\UTFGrid-Net\uftgrid\model\bin\Debug\model.dll" to "C:\Users\Fred\UTFGrid-Net\uftgrid\Debug\model.dll".
         Copying file from "C:\Users\Fred\UTFGrid-Net\uftgrid\model\bin\Debug\model.pdb" to "C:\Users\Fred\UTFGrid-Net\uftgrid\Debug\model.pdb".
       FinalizeBuildStatus:
         Deleting file "Debug\renderer.unsuccessfulbuild".
         Touching "Debug\renderer.lastbuildstate".
     1>Done Building Project "C:\Users\Fred\UTFGrid-Net\uftgrid\cpp\cpp.vcxproj" (rebuild target(s)).

Build succeeded.

Time Elapsed 00:00:03.44
