C:\USERS\FRED\UTFGRID-NET\UFTGRID\CPP\DEBUG\.NETFRAMEWORK,VERSION=V4.0.ASSEMBLYATTRIBUTES.OBJ
C:\USERS\FRED\UTFGRID-NET\UFTGRID\CPP\DEBUG\APP.RES
C:\USERS\FRED\UTFGRID-NET\UFTGRID\CPP\DEBUG\ASSEMBLYINFO.OBJ
C:\Users\Fred\UTFGrid-Net\uftgrid\cpp\Debug\cl.command.1.tlog
C:\Users\Fred\UTFGrid-Net\uftgrid\cpp\Debug\CL.read.1.tlog
C:\Users\Fred\UTFGrid-Net\uftgrid\cpp\Debug\CL.write.1.tlog
C:\USERS\FRED\UTFGRID-NET\UFTGRID\CPP\DEBUG\CPP.OBJ
C:\Users\Fred\UTFGrid-Net\uftgrid\cpp\Debug\link.10520.read.1.tlog
C:\Users\Fred\UTFGrid-Net\uftgrid\cpp\Debug\link.10520.write.1.tlog
C:\Users\Fred\UTFGrid-Net\uftgrid\cpp\Debug\link.10520-cvtres.read.1.tlog
C:\Users\Fred\UTFGrid-Net\uftgrid\cpp\Debug\link.10520-cvtres.write.1.tlog
C:\Users\Fred\UTFGrid-Net\uftgrid\cpp\Debug\link.command.1.tlog
C:\Users\Fred\UTFGrid-Net\uftgrid\cpp\Debug\link.read.1.tlog
C:\Users\Fred\UTFGrid-Net\uftgrid\cpp\Debug\link.write.1.tlog
C:\Users\Fred\UTFGrid-Net\uftgrid\cpp\Debug\metagen.read.1.tlog
C:\USERS\FRED\UTFGRID-NET\UFTGRID\CPP\DEBUG\METAGEN.WRITE.1.TLOG
C:\Users\Fred\UTFGrid-Net\uftgrid\cpp\Debug\MODEL.DLL.metagen
C:\Users\Fred\UTFGrid-Net\uftgrid\cpp\Debug\mt.command.1.tlog
C:\Users\Fred\UTFGrid-Net\uftgrid\cpp\Debug\mt.read.1.tlog
C:\Users\Fred\UTFGrid-Net\uftgrid\cpp\Debug\mt.write.1.tlog
C:\Users\Fred\UTFGrid-Net\uftgrid\cpp\Debug\rc.command.1.tlog
C:\Users\Fred\UTFGrid-Net\uftgrid\cpp\Debug\rc.read.1.tlog
C:\Users\Fred\UTFGrid-Net\uftgrid\cpp\Debug\rc.write.1.tlog
C:\USERS\FRED\UTFGRID-NET\UFTGRID\CPP\DEBUG\RENDERER.DLL.INTERMEDIATE.MANIFEST
C:\USERS\FRED\UTFGRID-NET\UFTGRID\CPP\DEBUG\RENDERER.OBJ
C:\USERS\FRED\UTFGRID-NET\UFTGRID\CPP\DEBUG\RENDERER.PCH
C:\Users\Fred\UTFGrid-Net\uftgrid\cpp\Debug\renderer.write.1.tlog
C:\Users\Fred\UTFGrid-Net\uftgrid\cpp\Debug\ResolveAssemblyReference.cache
C:\Users\Fred\UTFGrid-Net\uftgrid\cpp\Debug\RSAENH.DLL.bi
C:\USERS\FRED\UTFGRID-NET\UFTGRID\CPP\DEBUG\STDAFX.OBJ
C:\Users\Fred\UTFGrid-Net\uftgrid\cpp\Debug\TZRES.DLL.bi
C:\USERS\FRED\UTFGRID-NET\UFTGRID\CPP\DEBUG\VC100.PDB
C:\USERS\FRED\UTFGRID-NET\UFTGRID\CPP\DEBUG\WRAPPER.OBJ
C:\Users\Fred\UTFGrid-Net\uftgrid\Debug\model.dll
C:\Users\Fred\UTFGrid-Net\uftgrid\Debug\model.pdb
C:\USERS\FRED\UTFGRID-NET\UFTGRID\DEBUG\RENDERER.DLL
C:\USERS\FRED\UTFGRID-NET\UFTGRID\DEBUG\RENDERER.ILK
C:\USERS\FRED\UTFGRID-NET\UFTGRID\DEBUG\RENDERER.PDB
